[2018-06-27 18:16:10] Текст ошибки: Argument 6 passed to ishop\base\Controller::__construct() must be of the type array, none given, called in C:\OSPanel\domains\shop.ua\vendor\ishop\core\Router.php on line 26 | Файл: C:\OSPanel\domains\shop.ua\vendor\ishop\core\base\Controller.php | Строка: 16
=========
[2018-06-27 18:16:12] Текст ошибки: Argument 6 passed to ishop\base\Controller::__construct() must be of the type array, none given, called in C:\OSPanel\domains\shop.ua\vendor\ishop\core\Router.php on line 26 | Файл: C:\OSPanel\domains\shop.ua\vendor\ishop\core\base\Controller.php | Строка: 16
=========
[2018-06-27 18:16:13] Текст ошибки: Argument 6 passed to ishop\base\Controller::__construct() must be of the type array, none given, called in C:\OSPanel\domains\shop.ua\vendor\ishop\core\Router.php on line 26 | Файл: C:\OSPanel\domains\shop.ua\vendor\ishop\core\base\Controller.php | Строка: 16
=========
[2018-06-28 18:57:34] Текст ошибки: Страница не найдена | Файл: C:\OSPanel\domains\shop.ua\vendor\ishop\core\Router.php | Строка: 38
=========
[2018-06-28 19:01:50] Текст ошибки: Не найден вид: C:\OSPanel\domains\shop.ua/app/views/Main/index .php | Файл: C:\OSPanel\domains\shop.ua\vendor\ishop\core\base\View.php | Строка: 36
=========
[2018-06-28 19:01:51] Текст ошибки: Не найден вид: C:\OSPanel\domains\shop.ua/app/views/Main/index .php | Файл: C:\OSPanel\domains\shop.ua\vendor\ishop\core\base\View.php | Строка: 36
=========
[2018-06-28 19:02:08] Текст ошибки: Не найден вид: C:\OSPanel\domains\shop.ua/app/views/Main/index .php | Файл: C:\OSPanel\domains\shop.ua\vendor\ishop\core\base\View.php | Строка: 36
=========
[2018-06-28 19:02:09] Текст ошибки: Не найден вид: C:\OSPanel\domains\shop.ua/app/views/Main/index .php | Файл: C:\OSPanel\domains\shop.ua\vendor\ishop\core\base\View.php | Строка: 36
=========
[2018-06-28 19:02:09] Текст ошибки: Не найден вид: C:\OSPanel\domains\shop.ua/app/views/Main/index .php | Файл: C:\OSPanel\domains\shop.ua\vendor\ishop\core\base\View.php | Строка: 36
=========
[2018-06-28 19:02:19] Текст ошибки: Не найден вид: C:\OSPanel\domains\shop.ua/app/views/Main/index .php | Файл: C:\OSPanel\domains\shop.ua\vendor\ishop\core\base\View.php | Строка: 36
=========
[2018-06-28 19:02:27] Текст ошибки: Не найден вид: C:\OSPanel\domains\shop.ua/app/views/Main/index .php | Файл: C:\OSPanel\domains\shop.ua\vendor\ishop\core\base\View.php | Строка: 36
=========
[2018-06-28 19:05:15] Текст ошибки: Не найден вид: C:\OSPanel\domains\shop.ua/app/views/Main/index .php | Файл: C:\OSPanel\domains\shop.ua\vendor\ishop\core\base\View.php | Строка: 36
=========
[2018-06-28 19:13:23] Текст ошибки: Не найден шаблон: C:\OSPanel\domains\shop.ua/app/views/layouts/C:\OSPanel\domains\shop.uadefault.php | Файл: C:\OSPanel\domains\shop.ua\vendor\ishop\core\base\View.php | Строка: 45
=========
[2018-06-28 19:13:24] Текст ошибки: Не найден шаблон: C:\OSPanel\domains\shop.ua/app/views/layouts/C:\OSPanel\domains\shop.uadefault.php | Файл: C:\OSPanel\domains\shop.ua\vendor\ishop\core\base\View.php | Строка: 45
=========
[2018-06-28 19:13:48] Текст ошибки: Не найден шаблон: C:\OSPanel\domains\shop.ua/app/views/layouts/C:\OSPanel\domains\shop.uadefault.php | Файл: C:\OSPanel\domains\shop.ua\vendor\ishop\core\base\View.php | Строка: 45
=========
[2018-06-28 19:13:49] Текст ошибки: Не найден шаблон: C:\OSPanel\domains\shop.ua/app/views/layouts/C:\OSPanel\domains\shop.uadefault.php | Файл: C:\OSPanel\domains\shop.ua\vendor\ishop\core\base\View.php | Строка: 45
=========
[2018-06-28 19:19:33] Текст ошибки: Не найден шаблон: C:\OSPanel\domains\shop.ua/app/views/layouts/C:\OSPanel\domains\shop.uadefault.php | Файл: C:\OSPanel\domains\shop.ua\vendor\ishop\core\base\View.php | Строка: 45
=========
[2018-06-28 19:22:22] Текст ошибки: Не найден шаблон: C:\OSPanel\domains\shop.ua/app/views/layouts/C:\OSPanel\domains\shop.uadefault.php | Файл: C:\OSPanel\domains\shop.ua\vendor\ishop\core\base\View.php | Строка: 45
=========
[2018-06-28 19:26:29] Текст ошибки: Не найден шаблон: C:\OSPanel\domains\shop.ua/app/views/layouts/C:\OSPanel\domains\shop.uadefault.php | Файл: C:\OSPanel\domains\shop.ua\vendor\ishop\core\base\View.php | Строка: 45
=========
[2018-06-28 19:32:47] Текст ошибки: Не найден шаблон: C:\OSPanel\domains\shop.ua/app/views/layouts/test.php | Файл: C:\OSPanel\domains\shop.ua\vendor\ishop\core\base\View.php | Строка: 45
=========
[2018-06-28 19:32:49] Текст ошибки: Не найден шаблон: C:\OSPanel\domains\shop.ua/app/views/layouts/test.php | Файл: C:\OSPanel\domains\shop.ua\vendor\ishop\core\base\View.php | Строка: 45
=========
[2018-06-28 19:35:24] Текст ошибки: Не найден шаблон: C:\OSPanel\domains\shop.ua/app/views/layouts/C:\OSPanel\domains\shop.uadefault.php | Файл: C:\OSPanel\domains\shop.ua\vendor\ishop\core\base\View.php | Строка: 45
=========
[2018-06-28 19:35:37] Текст ошибки: Не найден шаблон: C:\OSPanel\domains\shop.ua/app/views/layouts/C:\OSPanel\domains\shop.uadefault.php | Файл: C:\OSPanel\domains\shop.ua\vendor\ishop\core\base\View.php | Строка: 45
=========
[2018-06-28 19:35:39] Текст ошибки: Не найден шаблон: C:\OSPanel\domains\shop.ua/app/views/layouts/C:\OSPanel\domains\shop.uadefault.php | Файл: C:\OSPanel\domains\shop.ua\vendor\ishop\core\base\View.php | Строка: 45
=========
[2018-06-28 19:36:27] Текст ошибки: Не найден шаблон: C:\OSPanel\domains\shop.ua/app/views/layouts/C:\OSPanel\domains\shop.uadefault.php | Файл: C:\OSPanel\domains\shop.ua\vendor\ishop\core\base\View.php | Строка: 45
=========
[2018-06-28 19:36:28] Текст ошибки: Не найден шаблон: C:\OSPanel\domains\shop.ua/app/views/layouts/C:\OSPanel\domains\shop.uadefault.php | Файл: C:\OSPanel\domains\shop.ua\vendor\ishop\core\base\View.php | Строка: 45
=========
[2018-06-28 19:36:28] Текст ошибки: Не найден шаблон: C:\OSPanel\domains\shop.ua/app/views/layouts/C:\OSPanel\domains\shop.uadefault.php | Файл: C:\OSPanel\domains\shop.ua\vendor\ishop\core\base\View.php | Строка: 45
=========
[2018-06-28 19:36:29] Текст ошибки: Не найден шаблон: C:\OSPanel\domains\shop.ua/app/views/layouts/C:\OSPanel\domains\shop.uadefault.php | Файл: C:\OSPanel\domains\shop.ua\vendor\ishop\core\base\View.php | Строка: 45
=========
[2018-06-28 19:36:31] Текст ошибки: Не найден шаблон: C:\OSPanel\domains\shop.ua/app/views/layouts/C:\OSPanel\domains\shop.uadefault.php | Файл: C:\OSPanel\domains\shop.ua\vendor\ishop\core\base\View.php | Строка: 45
=========
[2018-06-28 19:36:33] Текст ошибки: Не найден шаблон: C:\OSPanel\domains\shop.ua/app/views/layouts/C:\OSPanel\domains\shop.uadefault.php | Файл: C:\OSPanel\domains\shop.ua\vendor\ishop\core\base\View.php | Строка: 45
=========
[2018-06-28 19:36:35] Текст ошибки: Не найден шаблон: C:\OSPanel\domains\shop.ua/app/views/layouts/C:\OSPanel\domains\shop.uadefault.php | Файл: C:\OSPanel\domains\shop.ua\vendor\ishop\core\base\View.php | Строка: 45
=========
[2018-06-28 19:37:44] Текст ошибки: Не найден шаблон: C:\OSPanel\domains\shop.ua/app/views/layouts/C:\OSPanel\domains\shop.uadefault.php | Файл: C:\OSPanel\domains\shop.ua\vendor\ishop\core\base\View.php | Строка: 45
=========
[2018-06-28 19:37:45] Текст ошибки: Не найден шаблон: C:\OSPanel\domains\shop.ua/app/views/layouts/C:\OSPanel\domains\shop.uadefault.php | Файл: C:\OSPanel\domains\shop.ua\vendor\ishop\core\base\View.php | Строка: 45
=========
[2018-06-28 19:37:46] Текст ошибки: Не найден шаблон: C:\OSPanel\domains\shop.ua/app/views/layouts/C:\OSPanel\domains\shop.uadefault.php | Файл: C:\OSPanel\domains\shop.ua\vendor\ishop\core\base\View.php | Строка: 45
=========
[2018-06-28 19:37:46] Текст ошибки: Не найден шаблон: C:\OSPanel\domains\shop.ua/app/views/layouts/C:\OSPanel\domains\shop.uadefault.php | Файл: C:\OSPanel\domains\shop.ua\vendor\ishop\core\base\View.php | Строка: 45
=========
[2018-06-28 19:37:47] Текст ошибки: Не найден шаблон: C:\OSPanel\domains\shop.ua/app/views/layouts/C:\OSPanel\domains\shop.uadefault.php | Файл: C:\OSPanel\domains\shop.ua\vendor\ishop\core\base\View.php | Строка: 45
=========
[2018-06-28 19:38:09] Текст ошибки: Не найден шаблон: C:\OSPanel\domains\shop.ua/app/views/layouts/C:\OSPanel\domains\shop.uadefault.php | Файл: C:\OSPanel\domains\shop.ua\vendor\ishop\core\base\View.php | Строка: 45
=========
[2018-06-28 19:38:10] Текст ошибки: Не найден шаблон: C:\OSPanel\domains\shop.ua/app/views/layouts/C:\OSPanel\domains\shop.uadefault.php | Файл: C:\OSPanel\domains\shop.ua\vendor\ishop\core\base\View.php | Строка: 45
=========
[2018-06-28 19:38:11] Текст ошибки: Не найден шаблон: C:\OSPanel\domains\shop.ua/app/views/layouts/C:\OSPanel\domains\shop.uadefault.php | Файл: C:\OSPanel\domains\shop.ua\vendor\ishop\core\base\View.php | Строка: 45
=========
[2018-06-28 19:40:14] Текст ошибки: Не найден шаблон: C:\OSPanel\domains\shop.ua/app/views/layouts/C:\OSPanel\domains\shop.uadefault.php | Файл: C:\OSPanel\domains\shop.ua\vendor\ishop\core\base\View.php | Строка: 45
=========
[2018-06-28 19:40:15] Текст ошибки: Не найден шаблон: C:\OSPanel\domains\shop.ua/app/views/layouts/C:\OSPanel\domains\shop.uadefault.php | Файл: C:\OSPanel\domains\shop.ua\vendor\ishop\core\base\View.php | Строка: 45
=========
[2018-06-28 19:42:30] Текст ошибки: Не найден шаблон: C:\OSPanel\domains\shop.ua/app/views/layouts/C:\OSPanel\domains\shop.uadefault.php | Файл: C:\OSPanel\domains\shop.ua\vendor\ishop\core\base\View.php | Строка: 45
=========
[2018-06-28 19:42:31] Текст ошибки: Не найден шаблон: C:\OSPanel\domains\shop.ua/app/views/layouts/C:\OSPanel\domains\shop.uadefault.php | Файл: C:\OSPanel\domains\shop.ua\vendor\ishop\core\base\View.php | Строка: 45
=========
[2018-06-28 19:42:32] Текст ошибки: Не найден шаблон: C:\OSPanel\domains\shop.ua/app/views/layouts/C:\OSPanel\domains\shop.uadefault.php | Файл: C:\OSPanel\domains\shop.ua\vendor\ishop\core\base\View.php | Строка: 45
=========
[2018-06-28 19:42:32] Текст ошибки: Не найден шаблон: C:\OSPanel\domains\shop.ua/app/views/layouts/C:\OSPanel\domains\shop.uadefault.php | Файл: C:\OSPanel\domains\shop.ua\vendor\ishop\core\base\View.php | Строка: 45
=========
[2018-07-28 16:19:41] Текст ошибки: Страница не найдена | Файл: C:\OSPanel\domains\shop.ua\vendor\ishop\core\Router.php | Строка: 38
=========
[2018-07-28 16:33:12] Текст ошибки: Не найден вид: C:\OSPanel\domains\shop.ua/app/views//.php | Файл: C:\OSPanel\domains\shop.ua\vendor\ishop\core\base\View.php | Строка: 38
=========
[2018-07-28 16:33:32] Текст ошибки: Не найден вид: C:\OSPanel\domains\shop.ua/app/views//.php | Файл: C:\OSPanel\domains\shop.ua\vendor\ishop\core\base\View.php | Строка: 38
=========
[2018-07-28 16:39:51] Текст ошибки: Не найден вид: C:\OSPanel\domains\shop.ua/app/views//.php | Файл: C:\OSPanel\domains\shop.ua\vendor\ishop\core\base\View.php | Строка: 38
=========
[2018-07-28 16:39:52] Текст ошибки: Не найден вид: C:\OSPanel\domains\shop.ua/app/views//.php | Файл: C:\OSPanel\domains\shop.ua\vendor\ishop\core\base\View.php | Строка: 38
=========
[2018-07-28 16:54:59] Текст ошибки: Не найден вид: C:\OSPanel\domains\shop.ua/app/views//.php | Файл: C:\OSPanel\domains\shop.ua\vendor\ishop\core\base\View.php | Строка: 38
=========
[2018-07-28 16:55:00] Текст ошибки: Не найден вид: C:\OSPanel\domains\shop.ua/app/views//.php | Файл: C:\OSPanel\domains\shop.ua\vendor\ishop\core\base\View.php | Строка: 38
=========
[2018-07-28 16:55:01] Текст ошибки: Не найден вид: C:\OSPanel\domains\shop.ua/app/views//.php | Файл: C:\OSPanel\domains\shop.ua\vendor\ishop\core\base\View.php | Строка: 38
=========
[2018-07-28 16:55:02] Текст ошибки: Не найден вид: C:\OSPanel\domains\shop.ua/app/views//.php | Файл: C:\OSPanel\domains\shop.ua\vendor\ishop\core\base\View.php | Строка: 38
=========
[2018-07-28 16:55:02] Текст ошибки: Не найден вид: C:\OSPanel\domains\shop.ua/app/views//.php | Файл: C:\OSPanel\domains\shop.ua\vendor\ishop\core\base\View.php | Строка: 38
=========
[2018-07-28 16:55:02] Текст ошибки: Не найден вид: C:\OSPanel\domains\shop.ua/app/views//.php | Файл: C:\OSPanel\domains\shop.ua\vendor\ishop\core\base\View.php | Строка: 38
=========
[2018-07-28 16:55:02] Текст ошибки: Не найден вид: C:\OSPanel\domains\shop.ua/app/views//.php | Файл: C:\OSPanel\domains\shop.ua\vendor\ishop\core\base\View.php | Строка: 38
=========
[2018-07-28 16:55:03] Текст ошибки: Не найден вид: C:\OSPanel\domains\shop.ua/app/views//.php | Файл: C:\OSPanel\domains\shop.ua\vendor\ishop\core\base\View.php | Строка: 38
=========
[2018-07-28 16:55:03] Текст ошибки: Не найден вид: C:\OSPanel\domains\shop.ua/app/views//.php | Файл: C:\OSPanel\domains\shop.ua\vendor\ishop\core\base\View.php | Строка: 38
=========
[2018-07-28 16:55:03] Текст ошибки: Не найден вид: C:\OSPanel\domains\shop.ua/app/views//.php | Файл: C:\OSPanel\domains\shop.ua\vendor\ishop\core\base\View.php | Строка: 38
=========
[2018-07-28 16:55:03] Текст ошибки: Не найден вид: C:\OSPanel\domains\shop.ua/app/views//.php | Файл: C:\OSPanel\domains\shop.ua\vendor\ishop\core\base\View.php | Строка: 38
=========
[2018-07-28 16:55:03] Текст ошибки: Не найден вид: C:\OSPanel\domains\shop.ua/app/views//.php | Файл: C:\OSPanel\domains\shop.ua\vendor\ishop\core\base\View.php | Строка: 38
=========
[2018-07-28 16:55:04] Текст ошибки: Не найден вид: C:\OSPanel\domains\shop.ua/app/views//.php | Файл: C:\OSPanel\domains\shop.ua\vendor\ishop\core\base\View.php | Строка: 38
=========
[2018-07-28 16:55:19] Текст ошибки: Не найден вид: C:\OSPanel\domains\shop.ua/app/views//.php | Файл: C:\OSPanel\domains\shop.ua\vendor\ishop\core\base\View.php | Строка: 38
=========
[2018-07-28 16:55:20] Текст ошибки: Не найден вид: C:\OSPanel\domains\shop.ua/app/views//.php | Файл: C:\OSPanel\domains\shop.ua\vendor\ishop\core\base\View.php | Строка: 38
=========
[2018-07-28 16:55:21] Текст ошибки: Не найден вид: C:\OSPanel\domains\shop.ua/app/views//.php | Файл: C:\OSPanel\domains\shop.ua\vendor\ishop\core\base\View.php | Строка: 38
=========
[2018-07-28 16:55:29] Текст ошибки: Не найден вид: C:\OSPanel\domains\shop.ua/app/views//.php | Файл: C:\OSPanel\domains\shop.ua\vendor\ishop\core\base\View.php | Строка: 38
=========
[2018-07-28 16:55:30] Текст ошибки: Не найден шаблон: C:\OSPanel\domains\shop.ua/app/views/layouts/C:\OSPanel\domains\shop.uadefault.php | Файл: C:\OSPanel\domains\shop.ua\vendor\ishop\core\base\View.php | Строка: 45
=========
[2018-07-28 16:55:32] Текст ошибки: Не найден шаблон: C:\OSPanel\domains\shop.ua/app/views/layouts/C:\OSPanel\domains\shop.uadefault.php | Файл: C:\OSPanel\domains\shop.ua\vendor\ishop\core\base\View.php | Строка: 45
=========
[2018-07-28 16:55:32] Текст ошибки: Не найден шаблон: C:\OSPanel\domains\shop.ua/app/views/layouts/C:\OSPanel\domains\shop.uadefault.php | Файл: C:\OSPanel\domains\shop.ua\vendor\ishop\core\base\View.php | Строка: 45
=========
[2018-07-28 16:55:32] Текст ошибки: Не найден шаблон: C:\OSPanel\domains\shop.ua/app/views/layouts/C:\OSPanel\domains\shop.uadefault.php | Файл: C:\OSPanel\domains\shop.ua\vendor\ishop\core\base\View.php | Строка: 45
=========
[2018-07-28 16:55:33] Текст ошибки: Не найден шаблон: C:\OSPanel\domains\shop.ua/app/views/layouts/C:\OSPanel\domains\shop.uadefault.php | Файл: C:\OSPanel\domains\shop.ua\vendor\ishop\core\base\View.php | Строка: 45
=========
[2018-07-28 16:55:56] Текст ошибки: Не найден шаблон: C:\OSPanel\domains\shop.ua/app/views/layouts/C:\OSPanel\domains\shop.uadefault.php | Файл: C:\OSPanel\domains\shop.ua\vendor\ishop\core\base\View.php | Строка: 45
=========
[2018-07-28 16:57:03] Текст ошибки: Не найден шаблон: C:\OSPanel\domains\shop.ua/app/views/layouts/C:\OSPanel\domains\shop.uadefault.php | Файл: C:\OSPanel\domains\shop.ua\vendor\ishop\core\base\View.php | Строка: 45
=========
[2018-07-28 16:57:04] Текст ошибки: Не найден вид: C:\OSPanel\domains\shop.ua/app/views/index.php | Файл: C:\OSPanel\domains\shop.ua\vendor\ishop\core\base\View.php | Строка: 38
=========
[2018-07-28 16:57:05] Текст ошибки: Не найден вид: C:\OSPanel\domains\shop.ua/app/views/index.php | Файл: C:\OSPanel\domains\shop.ua\vendor\ishop\core\base\View.php | Строка: 38
=========
[2018-07-28 16:57:06] Текст ошибки: Не найден вид: C:\OSPanel\domains\shop.ua/app/views/index.php | Файл: C:\OSPanel\domains\shop.ua\vendor\ishop\core\base\View.php | Строка: 38
=========
[2018-07-28 16:57:07] Текст ошибки: Не найден вид: C:\OSPanel\domains\shop.ua/app/views/index.php | Файл: C:\OSPanel\domains\shop.ua\vendor\ishop\core\base\View.php | Строка: 38
=========
[2018-07-28 16:57:09] Текст ошибки: Не найден вид: C:\OSPanel\domains\shop.ua/app/views/index.php | Файл: C:\OSPanel\domains\shop.ua\vendor\ishop\core\base\View.php | Строка: 38
=========
[2018-07-28 16:57:10] Текст ошибки: Не найден вид: C:\OSPanel\domains\shop.ua/app/views/index.php | Файл: C:\OSPanel\domains\shop.ua\vendor\ishop\core\base\View.php | Строка: 38
=========
[2018-07-28 16:57:11] Текст ошибки: Не найден вид: C:\OSPanel\domains\shop.ua/app/views/index.php | Файл: C:\OSPanel\domains\shop.ua\vendor\ishop\core\base\View.php | Строка: 38
=========
[2018-07-28 16:57:11] Текст ошибки: Не найден вид: C:\OSPanel\domains\shop.ua/app/views/index.php | Файл: C:\OSPanel\domains\shop.ua\vendor\ishop\core\base\View.php | Строка: 38
=========
[2018-07-28 16:59:04] Текст ошибки: Не найден вид: C:\OSPanel\domains\shop.ua/app/views//index.php | Файл: C:\OSPanel\domains\shop.ua\vendor\ishop\core\base\View.php | Строка: 38
=========
[2018-07-28 16:59:05] Текст ошибки: Не найден вид: C:\OSPanel\domains\shop.ua/app/views//index.php | Файл: C:\OSPanel\domains\shop.ua\vendor\ishop\core\base\View.php | Строка: 38
=========
[2018-07-28 16:59:08] Текст ошибки: Не найден вид: C:\OSPanel\domains\shop.ua/app/views//index.php | Файл: C:\OSPanel\domains\shop.ua\vendor\ishop\core\base\View.php | Строка: 38
=========
[2018-07-28 16:59:09] Текст ошибки: Не найден вид: C:\OSPanel\domains\shop.ua/app/views//index.php | Файл: C:\OSPanel\domains\shop.ua\vendor\ishop\core\base\View.php | Строка: 38
=========
[2018-07-28 16:59:11] Текст ошибки: Не найден вид: C:\OSPanel\domains\shop.ua/app/views//index.php | Файл: C:\OSPanel\domains\shop.ua\vendor\ishop\core\base\View.php | Строка: 38
=========
[2018-07-28 16:59:12] Текст ошибки: Не найден вид: C:\OSPanel\domains\shop.ua/app/views//index.php | Файл: C:\OSPanel\domains\shop.ua\vendor\ishop\core\base\View.php | Строка: 38
=========
[2018-07-28 16:59:13] Текст ошибки: Не найден вид: C:\OSPanel\domains\shop.ua/app/views//index.php | Файл: C:\OSPanel\domains\shop.ua\vendor\ishop\core\base\View.php | Строка: 38
=========
[2018-07-28 16:59:32] Текст ошибки: Не найден вид: C:\OSPanel\domains\shop.ua/app/views//index.php | Файл: C:\OSPanel\domains\shop.ua\vendor\ishop\core\base\View.php | Строка: 38
=========
[2018-07-28 16:59:35] Текст ошибки: Не найден вид: C:\OSPanel\domains\shop.ua/app/views//index.php | Файл: C:\OSPanel\domains\shop.ua\vendor\ishop\core\base\View.php | Строка: 38
=========
[2018-07-28 16:59:56] Текст ошибки: Не найден вид: C:\OSPanel\domains\shop.ua/app/views//index.php | Файл: C:\OSPanel\domains\shop.ua\vendor\ishop\core\base\View.php | Строка: 38
=========
[2018-07-28 16:59:58] Текст ошибки: Не найден вид: C:\OSPanel\domains\shop.ua/app/views/index.php | Файл: C:\OSPanel\domains\shop.ua\vendor\ishop\core\base\View.php | Строка: 38
=========
[2018-07-28 17:00:36] Текст ошибки: Не найден вид: C:\OSPanel\domains\shop.ua/app/views/index.php | Файл: C:\OSPanel\domains\shop.ua\vendor\ishop\core\base\View.php | Строка: 38
=========
[2018-07-28 17:00:38] Текст ошибки: Не найден вид: C:\OSPanel\domains\shop.ua/app/views/index.php | Файл: C:\OSPanel\domains\shop.ua\vendor\ishop\core\base\View.php | Строка: 38
=========
[2018-07-28 17:00:39] Текст ошибки: Не найден вид: C:\OSPanel\domains\shop.ua/app/views/index.php | Файл: C:\OSPanel\domains\shop.ua\vendor\ishop\core\base\View.php | Строка: 38
=========
[2018-07-28 17:00:40] Текст ошибки: Не найден вид: C:\OSPanel\domains\shop.ua/app/views/index.php | Файл: C:\OSPanel\domains\shop.ua\vendor\ishop\core\base\View.php | Строка: 38
=========
[2018-07-28 17:00:42] Текст ошибки: Не найден вид: C:\OSPanel\domains\shop.ua/app/views/index.php | Файл: C:\OSPanel\domains\shop.ua\vendor\ishop\core\base\View.php | Строка: 38
=========
[2018-07-28 17:00:43] Текст ошибки: Не найден вид: C:\OSPanel\domains\shop.ua/app/views/index.php | Файл: C:\OSPanel\domains\shop.ua\vendor\ishop\core\base\View.php | Строка: 38
=========
[2018-07-28 17:00:43] Текст ошибки: Не найден вид: C:\OSPanel\domains\shop.ua/app/views/index.php | Файл: C:\OSPanel\domains\shop.ua\vendor\ishop\core\base\View.php | Строка: 38
=========
[2018-08-13 17:50:50] Текст ошибки: Страница не найдена | Файл: C:\OSPanel\domains\shop.ua\vendor\ishop\core\Router.php | Строка: 38
=========
[2018-08-13 18:11:01] Текст ошибки: Метод app\controllers\PageController::voewAction не найдена | Файл: C:\OSPanel\domains\shop.ua\vendor\ishop\core\Router.php | Строка: 34
=========
[2018-08-13 18:12:11] Текст ошибки: Метод app\controllers\PageController::voewAction не найдена | Файл: C:\OSPanel\domains\shop.ua\vendor\ishop\core\Router.php | Строка: 34
=========
[2018-08-13 18:12:39] Текст ошибки: Метод app\controllers\PageController::viewAction не найдена | Файл: C:\OSPanel\domains\shop.ua\vendor\ishop\core\Router.php | Строка: 34
=========
